<?xml version="1.0" encoding="UTF-8"?>
<!-- Generated by org.testng.reporters.JUnitXMLReporter -->
<testsuite hostname="LAPTOP-6NCFE75A" failures="0" tests="8" name="Test" time="0.091" errors="0" timestamp="26 Nov 2019 18:23:12 GMT">
  <testcase classname="javaprojectEkta.ParallelExecution1" name="testCase7" time="0.022"/>
  <testcase classname="javaprojectEkta.ParallelExecution" name="testCase3" time="0.003"/>
  <testcase classname="javaprojectEkta.ParallelExecution1" name="testCase5" time="0.002"/>
  <testcase classname="javaprojectEkta.ParallelExecution" name="testCase1" time="0.004"/>
  <testcase classname="javaprojectEkta.ParallelExecution1" name="testCase8" time="0.002"/>
  <testcase classname="javaprojectEkta.ParallelExecution" name="testCase4" time="0.002"/>
  <testcase classname="javaprojectEkta.ParallelExecution1" name="testCase6" time="0.002"/>
  <testcase classname="javaprojectEkta.ParallelExecution" name="testCase2" time="0.001"/>
</testsuite> <!-- Test -->
